#0 building with "desktop-linux" instance using docker driver

#1 [internal] load build definition from Dockerfile
#1 transferring dockerfile: 2.46kB done
#1 DONE 0.0s

#2 [internal] load metadata for docker.io/library/ros:noetic-ros-core
#2 DONE 0.0s

#3 [internal] load .dockerignore
#3 transferring context: 2B done
#3 DONE 0.0s

#4 [ 1/11] FROM docker.io/library/ros:noetic-ros-core@sha256:fd6279f04e51fa61201a791da9a156129941887b95b614ae0cec7865ef49de4f
#4 resolve docker.io/library/ros:noetic-ros-core@sha256:fd6279f04e51fa61201a791da9a156129941887b95b614ae0cec7865ef49de4f done
#4 DONE 0.0s

#5 [internal] load build context
#5 transferring context: 605.88kB 0.0s done
#5 DONE 0.0s

#6 [ 3/11] RUN apt-get update && apt-get install -y   iputils-ping   wget   python3-pip   python-is-python3   python3-libgpiod   ros-noetic-rqt-graph   ros-noetic-rospy-tutorials   ros-noetic-turtlesim   && rm -rf /var/lib/apt/lists/*
#6 CACHED

#7 [ 4/11] RUN apt-get update && apt-get install -y   x11-apps   mesa-utils   qt5-default   libx11-6   libx11-xcb1   libxext6   libxrender1   libsm6   libice6   libxtst6   libxi6   libxcb1   libxcb-util1   libxcb-icccm4   libxcb-image0   libxcb-keysyms1   libxcb-randr0   libxcb-render-util0   libxcb-shape0   libxcb-shm0   libxcb-sync1   libxcb-xfixes0   libxcb-xinerama0   libxcb-xkb1   libxkbcommon0   libxkbcommon-x11-0   libgl1-mesa-glx   libgl1-mesa-dri   && rm -rf /var/lib/apt/lists/*
#7 CACHED

#8 [ 5/11] WORKDIR /ros_ws
#8 CACHED

#9 [ 2/11] RUN groupadd --gid 1000 ros   && useradd -s /bin/bash --uid 1000 --gid 1000 -m ros   && mkdir /home/ros/.config && chown 1000:1000 /home/ros/.config   && adduser ros sudo   && sudo passwd -d ros
#9 CACHED

#10 [ 6/11] COPY requirements.txt /ros_ws
#10 CACHED

#11 [ 7/11] RUN pip install --upgrade pip    && pip install --no-cache-dir -r /ros_ws/requirements.txt
#11 1.354 Collecting pip
#11 1.393   Downloading pip-25.0.1-py3-none-any.whl (1.8 MB)
#11 1.661 Installing collected packages: pip
#11 1.661   Attempting uninstall: pip
#11 1.661     Found existing installation: pip 20.0.2
#11 1.662     Not uninstalling pip at /usr/lib/python3/dist-packages, outside environment /usr
#11 1.662     Can't uninstall 'pip'. No files were found to uninstall.
#11 2.527 Successfully installed pip-25.0.1
#11 3.853 Collecting numpy==1.24.4
#11 3.888   Downloading numpy-1.24.4-cp38-cp38-manylinux_2_17_aarch64.manylinux2014_aarch64.whl (14.0 MB)
#11 5.444 Collecting python-periphery==2.4.1
#11 5.462   Downloading python_periphery-2.4.1-py2.py3-none-any.whl (36 kB)
#11 5.504 Installing collected packages: numpy, python-periphery
#11 5.504   Attempting uninstall: numpy
#11 5.505     Found existing installation: numpy 1.17.4
#11 5.505     Not uninstalling numpy at /usr/lib/python3/dist-packages, outside environment /usr
#11 5.505     Can't uninstall 'numpy'. No files were found to uninstall.
#11 7.309 Successfully installed numpy-1.24.4 python-periphery-2.4.1
#11 DONE 7.5s

#12 [ 8/11] COPY /catkin_ws /ros_ws/catkin_ws
#12 DONE 0.1s

#13 [ 9/11] COPY scripts/remote_start/entrypoint.bash /entrypoint.bash
#13 DONE 0.0s

#14 [10/11] COPY scripts/remote_start/bashrc /home/ros/.bashrc
#14 DONE 0.0s

#15 [11/11] RUN chown -R 1000:1000 /ros_ws
#15 DONE 0.3s

#16 exporting to image
#16 exporting layers
#16 exporting layers 2.4s done
#16 exporting manifest sha256:6be42c105821610401e09e3ce6cca9070ed8000116ece85dfff82d2f4e2dece4 done
#16 exporting config sha256:6d3e58c02497786d062f613809b2887953371ca36b391699be370a43a847199a done
#16 exporting attestation manifest sha256:7df6671f0d29e5dfc9912e8909b1c18ce8e0483b878a67252ae0e59feb47c587 done
#16 exporting manifest list sha256:f7f3469c0d3155e537aad1781731f8f2de70ab2cbabf59b1ee9a86cd5d852130 done
#16 naming to docker.io/library/core:latest done
#16 unpacking to docker.io/library/core:latest
#16 unpacking to docker.io/library/core:latest 0.5s done
#16 DONE 3.0s
